[04:40:20] [ServerMain/INFO]: [bootstrap] Running Java 21 (OpenJDK 64-Bit Server VM 21.0.6+7-Ubuntu-120.04.1; Ubuntu null) on Linux 6.8.0-1021-azure (amd64)
[04:40:20] [ServerMain/INFO]: [bootstrap] Loading Paper 1.21.3-63-master@4190ee7 (2024-11-25T18:59:19Z) for Minecraft 1.21.3
[04:40:21] [ServerMain/INFO]: [PluginInitializerManager] Initializing plugins...
[04:40:23] [ServerMain/INFO]: [PluginInitializerManager] Initialized 7 plugins
[04:40:23] [ServerMain/INFO]: [PluginInitializerManager] Paper plugins (1):
 - nightcore (2.7.4)
[04:40:23] [ServerMain/INFO]: [PluginInitializerManager] Bukkit plugins (6):
 - EnderDragon (2.5.5), ExcellentEnchants (4.3.3), Geyser-Spigot (2.6.1-SNAPSHOT), ViaBackwards (5.2.1), ViaVersion (5.2.1), floodgate (2.2.4-SNAPSHOT (b116-0e3163c))
[04:40:29] [ServerMain/INFO]: Environment: Environment[sessionHost=https://sessionserver.mojang.com, servicesHost=https://api.minecraftservices.com, name=PROD]
[04:40:32] [ServerMain/INFO]: Loaded 1337 recipes
[04:40:32] [ServerMain/INFO]: Loaded 1448 advancements
[04:40:32] [Server thread/INFO]: Starting minecraft server version 1.21.3
[04:40:32] [Server thread/INFO]: Loading properties
[04:40:32] [Server thread/INFO]: This server is running Paper version 1.21.3-63-master@4190ee7 (2024-11-25T18:59:19Z) (Implementing API version 1.21.3-R0.1-SNAPSHOT)
[04:40:33] [Server thread/INFO]: [spark] This server bundles the spark profiler. For more information please visit https://docs.papermc.io/paper/profiling
[04:40:34] [Server thread/INFO]: Server Ping Player Sample Count: 12
[04:40:34] [Server thread/INFO]: Using 4 threads for Netty based IO
[04:40:34] [Server thread/INFO]: [MoonriseCommon] Paper is using 1 worker threads, 1 I/O threads
[04:40:34] [Server thread/INFO]: [ChunkTaskScheduler] Chunk system is using population gen parallelism: true
[04:40:35] [Server thread/INFO]: Default game type: SURVIVAL
[04:40:35] [Server thread/INFO]: Generating keypair
[04:40:35] [Server thread/INFO]: Starting Minecraft server on *:25565
[04:40:35] [Server thread/INFO]: Using epoll channel type
[04:40:35] [Server thread/INFO]: Paper: Using libdeflate (Linux x86_64) compression from Velocity.
[04:40:35] [Server thread/INFO]: Paper: Using OpenSSL 1.1.x (Linux x86_64) cipher from Velocity.
[04:40:36] [Server thread/INFO]: [nightcore] Server version detected as Paper 1.21.3. Using paper-bridge.
[04:40:36] [Server thread/INFO]: [floodgate] Loading server plugin floodgate v2.2.4-SNAPSHOT (b116-0e3163c)
[04:40:37] [Server thread/WARN]: [floodgate] en_ is not a supported Floodgate language.
[04:40:37] [Server thread/INFO]: [floodgate] Took 1,065ms to boot Floodgate
[04:40:37] [Server thread/INFO]: [ViaVersion] Loading server plugin ViaVersion v5.2.1
[04:40:37] [Server thread/INFO]: [ViaVersion] ViaVersion 5.2.1 is now loaded. Registering protocol transformers and injecting...
[04:40:38] [Via-Mappingloader-0/INFO]: [ViaVersion] Loading block connection mappings ...
[04:40:39] [Via-Mappingloader-0/INFO]: [ViaVersion] Using FastUtil Long2ObjectOpenHashMap for block connections
[04:40:39] [Server thread/INFO]: [ViaBackwards] Loading translations...
[04:40:39] [Server thread/INFO]: [ViaBackwards] Registering protocols...
[04:40:40] [Server thread/INFO]: [nightcore] Loading server plugin nightcore v2.7.4
[04:40:40] [Server thread/INFO]: [Geyser-Spigot] Loading server plugin Geyser-Spigot v2.6.1-SNAPSHOT
[04:40:41] [Server thread/INFO]: [Geyser-Spigot] Loading extensions...
[04:40:41] [Server thread/INFO]: [Geyser-Spigot] Loaded 0 extension(s)
[04:40:41] [Server thread/INFO]: [EnderDragon] Loading server plugin EnderDragon v2.5.5
[04:40:41] [Server thread/INFO]: [ViaBackwards] Loading server plugin ViaBackwards v5.2.1
[04:40:41] [Server thread/INFO]: [ExcellentEnchants] Loading server plugin ExcellentEnchants v4.3.3
[04:40:41] [Server thread/INFO]: Server permissions file permissions.yml is empty, ignoring it
[04:40:41] [Server thread/INFO]: [nightcore] Enabling nightcore v2.7.4
[04:40:41] [Server thread/INFO]: [nightcore] Time zone set as Etc/UTC
[04:40:41] [Server thread/INFO]: [nightcore] Plugin loaded in 264 ms!
[04:40:41] [Server thread/INFO]: [ExcellentEnchants] Enabling ExcellentEnchants v4.3.3
[04:40:41] [Server thread/INFO]: [ExcellentEnchants] Powered by nightcore
[04:40:42] [Server thread/INFO]: [ExcellentEnchants] Loaded 4 rarities.
[04:40:42] [Server thread/INFO]: [ExcellentEnchants] Registered enchantment: auto_reel
[04:40:42] [Server thread/INFO]: [ExcellentEnchants] Registered enchantment: double_catch
[04:40:42] [Server thread/INFO]: [ExcellentEnchants] Registered enchantment: seasoned_angler
[04:40:42] [Server thread/INFO]: [ExcellentEnchants] Registered enchantment: survivalist
[04:40:42] [Server thread/INFO]: [ExcellentEnchants] Registered enchantment: curse_of_drowned
[04:40:42] [Server thread/INFO]: [ExcellentEnchants] Registered enchantment: river_master
[04:40:42] [Server thread/INFO]: [ExcellentEnchants] Registered enchantment: blast_mining
[04:40:42] [Server thread/INFO]: [ExcellentEnchants] Registered enchantment: curse_of_breaking
[04:40:42] [Server thread/INFO]: [ExcellentEnchants] Registered enchantment: curse_of_misfortune
[04:40:42] [Server thread/INFO]: [ExcellentEnchants] Registered enchantment: divine_touch
[04:40:42] [Server thread/INFO]: [ExcellentEnchants] Registered enchantment: haste
[04:40:42] [Server thread/INFO]: [ExcellentEnchants] Registered enchantment: lucky_miner
[04:40:42] [Server thread/INFO]: [ExcellentEnchants] Registered enchantment: replanter
[04:40:42] [Server thread/INFO]: [ExcellentEnchants] Registered enchantment: silk_chest
[04:40:42] [Server thread/INFO]: [ExcellentEnchants] Registered enchantment: smelter
[04:40:42] [Server thread/INFO]: [ExcellentEnchants] Registered enchantment: telekinesis
[04:40:42] [Server thread/INFO]: [ExcellentEnchants] Registered enchantment: treasure_hunter
[04:40:42] [Server thread/INFO]: [ExcellentEnchants] Registered enchantment: tunnel
[04:40:42] [Server thread/INFO]: [ExcellentEnchants] Registered enchantment: veinminer
[04:40:42] [Server thread/INFO]: [ExcellentEnchants] Registered enchantment: bane_of_netherspawn
[04:40:42] [Server thread/INFO]: [ExcellentEnchants] Registered enchantment: blindness
[04:40:42] [Server thread/INFO]: [ExcellentEnchants] Registered enchantment: confusion
[04:40:42] [Server thread/INFO]: [ExcellentEnchants] Registered enchantment: cutter
[04:40:42] [Server thread/INFO]: [ExcellentEnchants] Registered enchantment: curse_of_death
[04:40:42] [Server thread/INFO]: [ExcellentEnchants] Registered enchantment: decapitator
[04:40:42] [Server thread/INFO]: [ExcellentEnchants] Registered enchantment: double_strike
[04:40:42] [Server thread/INFO]: [ExcellentEnchants] Registered enchantment: exhaust
[04:40:42] [Server thread/INFO]: [ExcellentEnchants] Registered enchantment: exp_hunter
[04:40:43] [Server thread/INFO]: [ExcellentEnchants] Registered enchantment: ice_aspect
[04:40:43] [Server thread/INFO]: [ExcellentEnchants] Registered enchantment: infernus
[04:40:43] [Server thread/INFO]: [ExcellentEnchants] Registered enchantment: nimble
[04:40:43] [Server thread/INFO]: [ExcellentEnchants] Registered enchantment: paralyze
[04:40:43] [Server thread/INFO]: [ExcellentEnchants] Registered enchantment: cure
[04:40:43] [Server thread/INFO]: [ExcellentEnchants] Registered enchantment: rage
[04:40:43] [Server thread/INFO]: [ExcellentEnchants] Registered enchantment: rocket
[04:40:43] [Server thread/INFO]: [ExcellentEnchants] Registered enchantment: scavenger
[04:40:43] [Server thread/INFO]: [ExcellentEnchants] Registered enchantment: surprise
[04:40:43] [Server thread/INFO]: [ExcellentEnchants] Registered enchantment: swiper
[04:40:43] [Server thread/INFO]: [ExcellentEnchants] Registered enchantment: temper
[04:40:43] [Server thread/INFO]: [ExcellentEnchants] Registered enchantment: thrifty
[04:40:43] [Server thread/INFO]: [ExcellentEnchants] Registered enchantment: thunder
[04:40:43] [Server thread/INFO]: [ExcellentEnchants] Registered enchantment: vampire
[04:40:43] [Server thread/INFO]: [ExcellentEnchants] Registered enchantment: venom
[04:40:43] [Server thread/INFO]: [ExcellentEnchants] Registered enchantment: village_defender
[04:40:43] [Server thread/INFO]: [ExcellentEnchants] Registered enchantment: wither
[04:40:43] [Server thread/INFO]: [ExcellentEnchants] Registered enchantment: aquaman
[04:40:43] [Server thread/INFO]: [ExcellentEnchants] Registered enchantment: bunny_hop
[04:40:43] [Server thread/INFO]: [ExcellentEnchants] Registered enchantment: cold_steel
[04:40:43] [Server thread/INFO]: [ExcellentEnchants] Registered enchantment: ice_shield
[04:40:43] [Server thread/INFO]: [ExcellentEnchants] Registered enchantment: elemental_protection
[04:40:43] [Server thread/INFO]: [ExcellentEnchants] Registered enchantment: fire_shield
[04:40:43] [Server thread/INFO]: [ExcellentEnchants] Registered enchantment: flame_walker
[04:40:43] [Server thread/INFO]: [ExcellentEnchants] Registered enchantment: hardened
[04:40:43] [Server thread/INFO]: [ExcellentEnchants] Registered enchantment: night_vision
[04:40:43] [Server thread/INFO]: [ExcellentEnchants] Registered enchantment: regrowth
[04:40:43] [Server thread/INFO]: [ExcellentEnchants] Registered enchantment: saturation
[04:40:43] [Server thread/INFO]: [ExcellentEnchants] Registered enchantment: self_destruction
[04:40:43] [Server thread/INFO]: [ExcellentEnchants] Registered enchantment: rebound
[04:40:43] [Server thread/INFO]: [ExcellentEnchants] Registered enchantment: stopping_force
[04:40:43] [Server thread/INFO]: [ExcellentEnchants] Registered enchantment: sonic
[04:40:43] [Server thread/INFO]: [ExcellentEnchants] Registered enchantment: bomber
[04:40:43] [Server thread/INFO]: [ExcellentEnchants] Registered enchantment: confusing_arrows
[04:40:43] [Server thread/INFO]: [ExcellentEnchants] Registered enchantment: dragonfire_arrows
[04:40:43] [Server thread/INFO]: [ExcellentEnchants] Registered enchantment: electrified_arrows
[04:40:43] [Server thread/INFO]: [ExcellentEnchants] Registered enchantment: ender_bow
[04:40:43] [Server thread/INFO]: [ExcellentEnchants] Registered enchantment: explosive_arrows
[04:40:43] [Server thread/INFO]: [ExcellentEnchants] Registered enchantment: lingering
[04:40:43] [Server thread/INFO]: [ExcellentEnchants] Registered enchantment: flare
[04:40:43] [Server thread/INFO]: [ExcellentEnchants] Registered enchantment: ghast
[04:40:43] [Server thread/INFO]: [ExcellentEnchants] Registered enchantment: hover
[04:40:43] [Server thread/INFO]: [ExcellentEnchants] Registered enchantment: sniper
[04:40:43] [Server thread/INFO]: [ExcellentEnchants] Registered enchantment: poisoned_arrows
[04:40:43] [Server thread/INFO]: [ExcellentEnchants] Registered enchantment: vampiric_arrows
[04:40:43] [Server thread/INFO]: [ExcellentEnchants] Registered enchantment: withered_arrows
[04:40:43] [Server thread/INFO]: [ExcellentEnchants] Registered enchantment: darkness_arrows
[04:40:43] [Server thread/INFO]: [ExcellentEnchants] Registered enchantment: darkness_cloak
[04:40:43] [Server thread/INFO]: [ExcellentEnchants] Registered enchantment: curse_of_fragility
[04:40:43] [Server thread/INFO]: [ExcellentEnchants] Registered enchantment: curse_of_mediocrity
[04:40:43] [Server thread/INFO]: [ExcellentEnchants] Registered enchantment: soulbound
[04:40:43] [Server thread/INFO]: [ExcellentEnchants] Registered enchantment: restore
[04:40:43] [Server thread/INFO]: [ExcellentEnchants] Enchantments Registered: 80
[04:40:43] [Server thread/WARN]: [ExcellentEnchants] You need to install packetevents or ProtocolLib for enchantment description to work.
[04:40:43] [Server thread/INFO]: [ExcellentEnchants] Plugin loaded in 1516 ms!
[04:40:43] [Server thread/WARN]: **** SERVER IS RUNNING IN OFFLINE/INSECURE MODE!
[04:40:43] [Server thread/WARN]: The server will make no attempt to authenticate usernames. Beware.
[04:40:43] [Server thread/WARN]: While this makes the game possible to play without internet access, it also opens up the ability for hackers to connect with any username they choose.
[04:40:43] [Server thread/WARN]: To change this, set "online-mode" to "true" in the server.properties file.
[04:40:43] [Server thread/INFO]: Preparing level "world"
[04:40:44] [Server thread/INFO]: Preparing start region for dimension minecraft:overworld
[04:40:44] [Server thread/INFO]: Preparing spawn area: 0%
[04:40:44] [Server thread/INFO]: Preparing spawn area: 2%
[04:40:45] [Paper Common Worker #0/INFO]: [MCTypeRegistry] Initialising converters for DataConverter...
[04:40:45] [Paper Common Worker #0/INFO]: [MCTypeRegistry] Finished initialising converters for DataConverter in 595.1ms
[04:40:45] [Server thread/INFO]: Preparing spawn area: 2%
[04:40:45] [Server thread/INFO]: Preparing spawn area: 2%
[04:40:46] [Server thread/INFO]: Preparing spawn area: 22%
[04:40:46] [Server thread/INFO]: Preparing spawn area: 22%
[04:40:46] [Server thread/INFO]: Time elapsed: 2613 ms
[04:40:46] [Server thread/INFO]: Preparing start region for dimension minecraft:the_nether
[04:40:47] [Server thread/INFO]: Preparing spawn area: 0%
[04:40:47] [Server thread/INFO]: Preparing spawn area: 100%
[04:40:47] [Server thread/INFO]: Time elapsed: 501 ms
[04:40:47] [Server thread/INFO]: Preparing start region for dimension minecraft:the_end
[04:40:47] [Server thread/INFO]: Preparing spawn area: 0%
[04:40:47] [Server thread/INFO]: Time elapsed: 347 ms
[04:40:47] [Server thread/INFO]: [floodgate] Enabling floodgate v2.2.4-SNAPSHOT (b116-0e3163c)
[04:40:48] [Server thread/INFO]: [ViaVersion] Enabling ViaVersion v5.2.1
[04:40:48] [Server thread/INFO]: [ViaVersion] ViaVersion detected server version: 1.21.2-1.21.3 (768)
[04:40:49] [Server thread/INFO]: [Geyser-Spigot] Enabling Geyser-Spigot v2.6.1-SNAPSHOT
[04:40:49] [Server thread/INFO]: [EnderDragon] Enabling EnderDragon v2.5.5
[04:40:49] [Server thread/INFO]: [EnderDragon] Enabling plugin...
[04:40:49] [Server thread/INFO]: [EnderDragon] Author: Xanadu13
[04:40:49] [Server thread/INFO]: [EnderDragon] Found version: v1_21_R2
[04:40:49] [Server thread/INFO]: [EnderDragon] Language: English
[04:40:49] [Server thread/INFO]: [EnderDragon] Checking update...
[04:40:49] [Server thread/INFO]: [ViaBackwards] Enabling ViaBackwards v5.2.1
[04:40:49] [Server thread/INFO]: [spark] Starting background profiler...
[04:40:50] [Server thread/INFO]: [Geyser-Spigot] ******************************************
[04:40:50] [Server thread/INFO]: [Geyser-Spigot] 
[04:40:50] [Server thread/INFO]: [Geyser-Spigot] Loading Geyser version 2.6.1-b785 (git-master-f27290a)
[04:40:50] [Server thread/INFO]: [Geyser-Spigot] 
[04:40:50] [Server thread/INFO]: [Geyser-Spigot] ******************************************
[04:41:00] [epollEventLoopGroup-3-1/INFO]: [Geyser-Spigot] Started Geyser on UDP port 3879
[04:41:00] [Server thread/INFO]: [Geyser-Spigot] Done (9.737s)! Run /geyser help for help!
[04:41:00] [Server thread/INFO]: Done preparing level "world" (17.218s)
[04:41:00] [Server thread/INFO]: Running delayed init tasks
[04:41:00] [Craft Scheduler Thread - 1 - ViaVersion/INFO]: [ViaVersion] Finished mapping loading, shutting down loader executor.
[04:41:00] [Craft Scheduler Thread - 0 - EnderDragon/INFO]: [EnderDragon] You are using the latest version (v2.5.5)...
[04:41:00] [Server thread/WARN]: [org.bukkit.craftbukkit.legacy.CraftLegacy] Initializing Legacy Material Support. Unless you have legacy plugins and/or data this is a bug!
[04:41:13] [Server thread/INFO]: [EnderDragon] Reading file view.yml
[04:41:13] [Server thread/INFO]: Done (58.176s)! For help, type "help"
[04:41:13] [Server thread/WARN]: Can't keep up! Is the server overloaded? Running 12588ms or 251 ticks behind
[04:41:20] [Server thread/INFO]: [EnderDragon] 0 auto_respawn task(s) started to run...
[04:43:14] [User Authenticator #0/INFO]: UUID of player Aladuro is 0eeb85b6-6742-39ba-808b-62b8488c711e
[04:43:17] [Server thread/INFO]: Aladuro joined the game
[04:43:17] [Server thread/INFO]: Aladuro[/127.233.13.21:50397] logged in with entity id 86 at ([world_the_end]2.724563979004836, 67.49598474857952, 0.48939607619896675)
[04:43:41] [Server thread/INFO]: Aladuro issued server command: /kill @e
[04:43:41] [Server thread/INFO]: Aladuro was killed
[04:43:41] [Server thread/INFO]: [Aladuro: Killed 97 entities]
[04:44:37] [Server thread/INFO]: [EnderDragon] Ender dragon number 1 has been spawned.
[04:44:37] [Server thread/INFO]: [EnderDragon] This dragon exudes a mysterious atmosphere...
[04:54:52] [User Authenticator #1/INFO]: UUID of player Darkphel is fe87c066-cab4-31d6-b2dd-88e014b20a5e
[04:54:53] [Server thread/INFO]: Darkphel joined the game
[04:54:53] [Server thread/INFO]: Darkphel[/127.171.30.69:41531] logged in with entity id 935 at ([world]45.5, 67.0, -53.5)
[04:55:23] [Server thread/INFO]: Aladuro issued server command: /gamemode creative Darkphel
[04:55:23] [Server thread/INFO]: [Aladuro: Set Darkphel's game mode to Creative Mode]
[04:55:29] [Server thread/INFO]: Aladuro issued server command: /tp Darkphel Aladuro
[04:55:29] [Server thread/INFO]: Darkphel has made the advancement [The End?]
[04:55:29] [Server thread/INFO]: [Aladuro: Teleported Darkphel to Aladuro]
[04:55:57] [Server thread/INFO]: Aladuro issued server command: /gamemode survival Darkphel
[04:55:57] [Server thread/INFO]: [Aladuro: Set Darkphel's game mode to Survival Mode]
[04:56:03] [Server thread/INFO]: Aladuro issued server command: /gamemode creative Darkphel
[04:56:03] [Server thread/INFO]: [Aladuro: Set Darkphel's game mode to Creative Mode]
[04:56:33] [Server thread/INFO]: Darkphel has completed the challenge [Cover Me in Debris]
[04:56:36] [Server thread/INFO]: Aladuro issued server command: /gamemode survival Darkphel
[04:56:36] [Server thread/INFO]: [Aladuro: Set Darkphel's game mode to Survival Mode]
[04:56:44] [Server thread/INFO]: Aladuro issued server command: /gamemode creative Darkphel
[04:56:44] [Server thread/INFO]: [Aladuro: Set Darkphel's game mode to Creative Mode]
[04:57:02] [Server thread/INFO]: Darkphel has made the advancement [Monster Hunter]
[04:59:16] [Server thread/INFO]: Aladuro issued server command: /effect give @a minecraft:night_vision infinite
[04:59:16] [Server thread/INFO]: [Aladuro: Applied effect Night Vision to 2 targets]
[04:59:28] [Server thread/INFO]: Aladuro issued server command: /gamemode survival Darkphel
[04:59:28] [Server thread/INFO]: [Aladuro: Set Darkphel's game mode to Survival Mode]
[04:59:49] [Server thread/INFO]: Aladuro issued server command: /effect clear @a minecraft:night_vision infinite
[04:59:56] [Server thread/INFO]: Aladuro issued server command: /effect clear @a
[04:59:56] [Server thread/INFO]: [Aladuro: Removed every effect from 2 targets]
[05:00:26] [Server thread/INFO]: Darkphel has made the advancement [Take Aim]
[05:00:30] [Server thread/INFO]: Darkphel was doomed to fall
[05:00:55] [Server thread/INFO]: Aladuro issued server command: /gamemode creative Darkphel
[05:00:55] [Server thread/INFO]: [Aladuro: Set Darkphel's game mode to Creative Mode]
[05:00:59] [Server thread/INFO]: Aladuro issued server command: /tp Darkphel Aladuro
[05:00:59] [Server thread/INFO]: [Aladuro: Teleported Darkphel to Aladuro]
[05:01:03] [Server thread/INFO]: Aladuro issued server command: /op Darkphel
[05:01:03] [Server thread/INFO]: [Aladuro: Made Darkphel a server operator]
[05:07:42] [Server thread/INFO]: Darkphel has made the advancement [Free the End]
[05:07:42] [Server thread/INFO]: Named entity EnderDragon['Special Ender Dragon'/345, uuid='75488dc6-a786-4188-a16a-518976814a19', l='ServerLevel[world_the_end]', x=-0.52, y=73.47, z=-1.60, cpos=[-1, -1], tl=27696, v=true] died: Special Ender Dragon was killed by [Intentional Game Design]
[05:09:19] [Server thread/INFO]: Aladuro issued server command: /kill Darkphel
[05:09:19] [Server thread/INFO]: Darkphel was killed
[05:09:19] [Server thread/INFO]: [Aladuro: Killed Darkphel]
[05:09:24] [Server thread/INFO]: Aladuro issued server command: /tp Darkphel
[05:09:24] [Server thread/INFO]: [Aladuro: Teleported Aladuro to Darkphel]
[05:11:07] [Server thread/INFO]: Villager Villager['Villager'/1012, uuid='9f102853-3a7d-4818-8864-be8b0f563385', l='ServerLevel[world]', x=61.33, y=64.00, z=78.11, cpos=[3, 4], tl=22011, v=true] died, message: 'Villager was slain by Zombie'
[05:11:47] [Server thread/INFO]: Aladuro issued server command: /tp Darkphel
[05:11:47] [Server thread/INFO]: [Aladuro: Teleported Aladuro to Darkphel]
[05:14:27] [Server thread/INFO]: Villager Villager['Villager'/983, uuid='8302100f-a543-4d68-a03a-6be99fce9451', l='ServerLevel[world]', x=48.66, y=64.95, z=76.03, cpos=[3, 4], tl=26195, v=true] died, message: 'Villager was blown up by Darkphel'
[05:14:28] [Server thread/INFO]: Villager Villager['Villager'/996, uuid='a0248725-13a8-4207-acd3-16707525469e', l='ServerLevel[world]', x=55.12, y=64.03, z=89.66, cpos=[3, 5], tl=25788, v=true] died, message: 'Villager was blown up by Darkphel'
[05:14:28] [Server thread/INFO]: Villager Villager['Villager'/1011, uuid='5ca3c82d-3cf6-4f30-8353-02b4d0b9106a', l='ServerLevel[world]', x=55.58, y=61.52, z=90.99, cpos=[3, 5], tl=25811, v=true] died, message: 'Villager was blown up by Darkphel'
[05:17:09] [Server thread/INFO]: Villager Villager['Villager'/1039, uuid='4d01aa13-2ceb-4cc5-8d1c-d3fc4902536b', l='ServerLevel[world]', x=26.50, y=64.00, z=116.50, cpos=[1, 7], tl=27694, v=true] died, message: 'Villager was blown up by Darkphel'
[05:17:10] [Server thread/INFO]: Villager Villager['Villager'/1094, uuid='584f4a9f-c3fe-48fd-b168-b577d8ecb56d', l='ServerLevel[world]', x=23.47, y=64.00, z=116.30, cpos=[1, 7], tl=24843, v=true] died, message: 'Villager was blown up by Darkphel'
[05:17:12] [Server thread/INFO]: Villager Villager['Villager'/1042, uuid='babe4381-a0d8-433b-9c20-40d0206904be', l='ServerLevel[world]', x=5.73, y=65.21, z=92.28, cpos=[0, 5], tl=24919, v=true] died, message: 'Villager was blown up by Darkphel'
[05:17:52] [Server thread/INFO]: Aladuro issued server command: /excellentenchants help
[05:18:20] [Server thread/INFO]: Aladuro issued server command: /eenchants reload
[05:18:20] [Server thread/INFO]: [ExcellentEnchants] Loaded 4 rarities.
[05:18:20] [Server thread/WARN]: [ExcellentEnchants] You need to install packetevents or ProtocolLib for enchantment description to work.
[05:18:36] [Server thread/INFO]: Aladuro issued server command: /eenchants list Aladuro
[05:18:36] [Server thread/INFO]: Environment: Environment[sessionHost=https://sessionserver.mojang.com, servicesHost=https://api.minecraftservices.com, name=PROD]
[05:18:46] [Server thread/INFO]: Aladuro issued server command: /eenchants list Darkphel
[05:18:59] [Server thread/INFO]: Darkphel has made the advancement [Stone Age]
[05:19:16] [Server thread/INFO]: Aladuro issued server command: /eenchants list Aladuro
[05:20:00] [Server thread/INFO]: Villager Villager['Villager'/959, uuid='00cdda10-5179-46ed-9fee-7b3862838c71', l='ServerLevel[world]', x=11.79, y=71.56, z=48.46, cpos=[0, 3], tl=33191, v=true] died, message: 'Villager was blown up by Aladuro'
[05:20:13] [Server thread/INFO]: Aladuro issued server command: /tp Darkphel
[05:20:13] [Server thread/INFO]: [Aladuro: Teleported Aladuro to Darkphel]
[05:20:26] [Server thread/INFO]: Aladuro issued server command: /gamemode survival Darkphel
[05:20:26] [Server thread/INFO]: [Aladuro: Set Darkphel's game mode to Survival Mode]
[05:20:29] [Server thread/INFO]: Aladuro has made the advancement [Stone Age]
[05:20:42] [Server thread/INFO]: Aladuro issued server command: /tp Darkphel Aladuro
[05:20:42] [Server thread/INFO]: [Aladuro: Teleported Darkphel to Aladuro]
[05:20:51] [Server thread/INFO]: Aladuro issued server command: /tp Darkphel Aladuro
[05:20:51] [Server thread/INFO]: [Aladuro: Teleported Darkphel to Aladuro]
[05:20:53] [Server thread/INFO]: Darkphel was doomed to fall by Zombie
[05:20:57] [Server thread/INFO]: Aladuro issued server command: /tp Darkphel Aladuro
[05:20:57] [Server thread/INFO]: [Aladuro: Teleported Darkphel to Aladuro]
[05:20:58] [Server thread/INFO]: Darkphel fell from a high place
[05:21:01] [Server thread/INFO]: Aladuro issued server command: /tp Darkphel Aladuro
[05:21:01] [Server thread/INFO]: [Aladuro: Teleported Darkphel to Aladuro]
